[debug] [2020-12-28T06:19:53.201Z] ----------------------------------------------------------------------
[debug] [2020-12-28T06:19:53.207Z] Command:       C:\Program Files\nodejs\node.exe C:\Users\kp214\AppData\Roaming\npm\node_modules\firebase-tools\lib\bin\firebase.js init hosting
[debug] [2020-12-28T06:19:53.207Z] CLI Version:   9.1.0
[debug] [2020-12-28T06:19:53.208Z] Platform:      win32
[debug] [2020-12-28T06:19:53.208Z] Node Version:  v12.19.0
[debug] [2020-12-28T06:19:53.211Z] Time:          Mon Dec 28 2020 01:19:53 GMT-0500 (Eastern Standard Time)
[debug] [2020-12-28T06:19:53.211Z] ----------------------------------------------------------------------
[debug] [2020-12-28T06:19:53.212Z] 
[debug] [2020-12-28T06:19:53.227Z] > command requires scopes: ["email","openid","https://www.googleapis.com/auth/cloudplatformprojects.readonly","https://www.googleapis.com/auth/firebase","https://www.googleapis.com/auth/cloud-platform"]
[debug] [2020-12-28T06:19:53.228Z] > authorizing via signed-in user
[info] 
     ######## #### ########  ######## ########     ###     ######  ########
     ##        ##  ##     ## ##       ##     ##  ##   ##  ##       ##
     ######    ##  ########  ######   ########  #########  ######  ######
     ##        ##  ##    ##  ##       ##     ## ##     ##       ## ##
     ##       #### ##     ## ######## ########  ##     ##  ######  ########

You're about to initialize a Firebase project in this directory:

  C:\Users\kp214\Desktop\react20\netflix-clone

Before we get started, keep in mind:

  * You are initializing in an existing Firebase project directory

[info] 
=== Project Setup
[info] 
[info] First, let's associate this project directory with a Firebase project.
[info] You can create multiple project aliases by running firebase use --add, 
[info] but for now we'll just set up a default project.
[info] 
[info] i  .firebaserc already has a default project, using netflix-clone-e71a6. 
[debug] [2020-12-28T06:19:55.163Z] >>> HTTP REQUEST GET https://firebase.googleapis.com/v1beta1/projects/netflix-clone-e71a6  
 
[debug] [2020-12-28T06:19:55.424Z] <<< HTTP RESPONSE 200 {"content-type":"application/json; charset=UTF-8","vary":"X-Origin, Referer, Origin,Accept-Encoding","date":"Mon, 28 Dec 2020 06:19:56 GMT","server":"ESF","cache-control":"private","x-xss-protection":"0","x-frame-options":"SAMEORIGIN","x-content-type-options":"nosniff","alt-svc":"h3-29=\":443\"; ma=2592000,h3-T051=\":443\"; ma=2592000,h3-Q050=\":443\"; ma=2592000,h3-Q046=\":443\"; ma=2592000,h3-Q043=\":443\"; ma=2592000,quic=\":443\"; ma=2592000; v=\"46,43\"","accept-ranges":"none","transfer-encoding":"chunked"}
[info] 
=== Hosting Setup
[info] 
[info] Your public directory is the folder (relative to your project directory) that
[info] will contain Hosting assets to be uploaded with firebase deploy. If you
[info] have a build process for your assets, use your build's output directory.
[info] 
[debug] [2020-12-28T06:23:14.542Z] >>> [apiv2][query] GET https://www.gstatic.com/firebasejs/releases.json [none]
[debug] [2020-12-28T06:23:14.665Z] <<< [apiv2][status] GET https://www.gstatic.com/firebasejs/releases.json 200
[debug] [2020-12-28T06:23:14.665Z] <<< [apiv2][body] GET https://www.gstatic.com/firebasejs/releases.json {"current":{"version":"8.2.1","browserURL":"https://www.gstatic.com/firebasejs/8.2.1/firebase.js","packageURL":"https://www.gstatic.com/firebasejs/8.2.1/firebase.tgz"},"live":{"version":"8.2","browserURL":"https://www.gstatic.com/firebasejs/live/8.2/firebase.js","packageURL":"https://www.gstatic.com/firebasejs/live/8.2/firebase.tgz"},"components":{"analytics":"https://www.gstatic.com/firebasejs/8.2.1/firebase-analytics.js","app":"https://www.gstatic.com/firebasejs/8.2.1/firebase-app.js","auth":"https://www.gstatic.com/firebasejs/8.2.1/firebase-auth.js","database":"https://www.gstatic.com/firebasejs/8.2.1/firebase-database.js","firestore":"https://www.gstatic.com/firebasejs/8.2.1/firebase-firestore.js","functions":"https://www.gstatic.com/firebasejs/8.2.1/firebase-functions.js","installations":"https://www.gstatic.com/firebasejs/8.2.1/firebase-installations.js","messaging":"https://www.gstatic.com/firebasejs/8.2.1/firebase-messaging.js","storage":"https://www.gstatic.com/firebasejs/8.2.1/firebase-storage.js","performance":"https://www.gstatic.com/firebasejs/8.2.1/firebase-performance.js","remote-config":"https://www.gstatic.com/firebasejs/8.2.1/firebase-remote-config.js","firestore.memory":"https://www.gstatic.com/firebasejs/8.2.1/firebase-firestore.memory.js"}}
[info] +  Wrote build/index.html 
[info] 
[info] i  Detected a .git folder at C:\Users\kp214\Desktop\react20\netflix-clone 
[info] i  Authorizing with GitHub to upload your service account to a GitHub repository's secrets store. 
[info] 
[info] Visit this URL on this device to log in:
[info] https://github.com/login/oauth/authorize?client_id=89cf50f02ac6aaed3484&state=408475780&redirect_uri=http%3A%2F%2Flocalhost%3A9005&scope=read%3Auser%20repo%20public_repo
[info] 
[info] Waiting for authentication...
[debug] [2020-12-28T06:23:41.340Z] >>> HTTP REQUEST POST https://github.com/login/oauth/access_token  
 {"client_id":"89cf50f02ac6aaed3484","client_secret":"3330d14abc895d9a74d5f17cd7a00711fa2c5bf0","code":"025211132b7356665fb0","redirect_uri":"http://localhost:9005","state":"408475780"}
[debug] [2020-12-28T06:23:41.593Z] <<< HTTP RESPONSE 200 {"server":"GitHub.com","date":"Mon, 28 Dec 2020 06:23:43 GMT","content-type":"application/json; charset=utf-8","transfer-encoding":"chunked","status":"200 OK","vary":"X-PJAX, Accept-Encoding, Accept, X-Requested-With","etag":"W/\"8c3cbfaa56df85aa300cbd6979ae99bd\"","cache-control":"max-age=0, private, must-revalidate","strict-transport-security":"max-age=31536000; includeSubdomains; preload","x-frame-options":"deny","x-content-type-options":"nosniff","x-xss-protection":"1; mode=block","referrer-policy":"origin-when-cross-origin, strict-origin-when-cross-origin","expect-ct":"max-age=2592000, report-uri=\"https://api.github.com/_private/browser/errors\"","content-security-policy":"default-src 'none'; base-uri 'self'; block-all-mixed-content; connect-src 'self' uploads.github.com www.githubstatus.com collector.githubapp.com api.github.com github-cloud.s3.amazonaws.com github-production-repository-file-5c1aeb.s3.amazonaws.com github-production-upload-manifest-file-7fdce7.s3.amazonaws.com github-production-user-asset-6210df.s3.amazonaws.com cdn.optimizely.com logx.optimizely.com/v1/events wss://alive.github.com; font-src github.githubassets.com; form-action 'self' github.com gist.github.com; frame-ancestors 'none'; frame-src render.githubusercontent.com; img-src 'self' data: github.githubassets.com identicons.github.com collector.githubapp.com github-cloud.s3.amazonaws.com *.githubusercontent.com; manifest-src 'self'; media-src 'none'; script-src github.githubassets.com; style-src 'unsafe-inline' github.githubassets.com; worker-src github.com/socket-worker-5029ae85.js gist.github.com/socket-worker-5029ae85.js","x-github-request-id":"F723:17C7:7FE897:EDDE26:5FE979EE"}
[debug] [2020-12-28T06:23:41.595Z] >>> [apiv2][query] GET https://api.github.com/user [none]
[debug] [2020-12-28T06:23:41.867Z] <<< [apiv2][status] GET https://api.github.com/user 200
[debug] [2020-12-28T06:23:41.867Z] <<< [apiv2][body] GET https://api.github.com/user {"login":"kp2141","id":26798743,"node_id":"MDQ6VXNlcjI2Nzk4NzQz","avatar_url":"https://avatars3.githubusercontent.com/u/26798743?v=4","gravatar_id":"","url":"https://api.github.com/users/kp2141","html_url":"https://github.com/kp2141","followers_url":"https://api.github.com/users/kp2141/followers","following_url":"https://api.github.com/users/kp2141/following{/other_user}","gists_url":"https://api.github.com/users/kp2141/gists{/gist_id}","starred_url":"https://api.github.com/users/kp2141/starred{/owner}{/repo}","subscriptions_url":"https://api.github.com/users/kp2141/subscriptions","organizations_url":"https://api.github.com/users/kp2141/orgs","repos_url":"https://api.github.com/users/kp2141/repos","events_url":"https://api.github.com/users/kp2141/events{/privacy}","received_events_url":"https://api.github.com/users/kp2141/received_events","type":"User","site_admin":false,"name":null,"company":null,"blog":"","location":null,"email":null,"hireable":null,"bio":null,"twitter_username":null,"public_repos":21,"public_gists":0,"followers":0,"following":3,"created_at":"2017-03-30T16:43:21Z","updated_at":"2020-12-28T06:23:41Z","private_gists":1,"total_private_repos":0,"owned_private_repos":0,"disk_usage":110829,"collaborators":0,"two_factor_authentication":false,"plan":{"name":"pro","space":976562499,"collaborators":0,"private_repos":9999}}
[info] 
[info] +  Success! Logged into GitHub as kp2141 
[info] 
[debug] [2020-12-28T06:24:44.782Z] >>> [apiv2][query] GET https://api.github.com/repos/netflix-clone/actions/secrets/public-key type=owner
[debug] [2020-12-28T06:24:45.184Z] <<< [apiv2][status] GET https://api.github.com/repos/netflix-clone/actions/secrets/public-key 404
[debug] [2020-12-28T06:24:45.184Z] <<< [apiv2][body] GET https://api.github.com/repos/netflix-clone/actions/secrets/public-key {"message":"Not Found","documentation_url":"https://docs.github.com/rest"}
[debug] [2020-12-28T06:27:05.128Z] >>> [apiv2][query] GET https://api.github.com/repos/netflix-clone/actions/secrets/public-key type=owner
[debug] [2020-12-28T06:27:05.337Z] <<< [apiv2][status] GET https://api.github.com/repos/netflix-clone/actions/secrets/public-key 404
[debug] [2020-12-28T06:27:05.337Z] <<< [apiv2][body] GET https://api.github.com/repos/netflix-clone/actions/secrets/public-key {"message":"Not Found","documentation_url":"https://docs.github.com/rest"}
[debug] [2020-12-28T06:28:20.399Z] >>> [apiv2][query] GET https://api.github.com/repos/netflix-clone/actions/secrets/public-key type=owner
[debug] [2020-12-28T06:28:20.619Z] <<< [apiv2][status] GET https://api.github.com/repos/netflix-clone/actions/secrets/public-key 404
[debug] [2020-12-28T06:28:20.620Z] <<< [apiv2][body] GET https://api.github.com/repos/netflix-clone/actions/secrets/public-key {"message":"Not Found","documentation_url":"https://docs.github.com/rest"}
